Determining if the pthread_create exist failed with the following output:
Change Dir: /home/ros/ROS-project-MI/robot_ws/build/CMakeFiles/CMakeTmp

Run Build Command:"/usr/bin/make" "cmTC_bb4b4/fast"
/usr/bin/make -f CMakeFiles/cmTC_bb4b4.dir/build.make CMakeFiles/cmTC_bb4b4.dir/build
make[1]: Entering directory '/home/ros/ROS-project-MI/robot_ws/build/CMakeFiles/CMakeTmp'
Building C object CMakeFiles/cmTC_bb4b4.dir/CheckSymbolExists.c.o
/usr/bin/cc     -o CMakeFiles/cmTC_bb4b4.dir/CheckSymbolExists.c.o   -c /home/ros/ROS-project-MI/robot_ws/build/CMakeFiles/CMakeTmp/CheckSymbolExists.c
Linking C executable cmTC_bb4b4
/usr/bin/cmake -E cmake_link_script CMakeFiles/cmTC_bb4b4.dir/link.txt --verbose=1
/usr/bin/cc       CMakeFiles/cmTC_bb4b4.dir/CheckSymbolExists.c.o  -o cmTC_bb4b4 -rdynamic 
CMakeFiles/cmTC_bb4b4.dir/CheckSymbolExists.c.o: In function `main':
CheckSymbolExists.c:(.text+0xe): undefined reference to `pthread_create'
CheckSymbolExists.c:(.text+0x12): undefined reference to `pthread_create'
collect2: error: ld returned 1 exit status
CMakeFiles/cmTC_bb4b4.dir/build.make:97: recipe for target 'cmTC_bb4b4' failed
make[1]: *** [cmTC_bb4b4] Error 1
make[1]: Leaving directory '/home/ros/ROS-project-MI/robot_ws/build/CMakeFiles/CMakeTmp'
Makefile:126: recipe for target 'cmTC_bb4b4/fast' failed
make: *** [cmTC_bb4b4/fast] Error 2

File /home/ros/ROS-project-MI/robot_ws/build/CMakeFiles/CMakeTmp/CheckSymbolExists.c:
/* */
#include <pthread.h>

int main(int argc, char** argv)
{
  (void)argv;
#ifndef pthread_create
  return ((int*)(&pthread_create))[argc];
#else
  (void)argc;
  return 0;
#endif
}

Determining if the function pthread_create exists in the pthreads failed with the following output:
Change Dir: /home/ros/ROS-project-MI/robot_ws/build/CMakeFiles/CMakeTmp

Run Build Command:"/usr/bin/make" "cmTC_66fa1/fast"
/usr/bin/make -f CMakeFiles/cmTC_66fa1.dir/build.make CMakeFiles/cmTC_66fa1.dir/build
make[1]: Entering directory '/home/ros/ROS-project-MI/robot_ws/build/CMakeFiles/CMakeTmp'
Building C object CMakeFiles/cmTC_66fa1.dir/CheckFunctionExists.c.o
/usr/bin/cc    -DCHECK_FUNCTION_EXISTS=pthread_create   -o CMakeFiles/cmTC_66fa1.dir/CheckFunctionExists.c.o   -c /usr/share/cmake-3.5/Modules/CheckFunctionExists.c
Linking C executable cmTC_66fa1
/usr/bin/cmake -E cmake_link_script CMakeFiles/cmTC_66fa1.dir/link.txt --verbose=1
/usr/bin/cc   -DCHECK_FUNCTION_EXISTS=pthread_create    CMakeFiles/cmTC_66fa1.dir/CheckFunctionExists.c.o  -o cmTC_66fa1 -rdynamic -lpthreads 
/usr/bin/ld: cannot find -lpthreads
collect2: error: ld returned 1 exit status
CMakeFiles/cmTC_66fa1.dir/build.make:97: recipe for target 'cmTC_66fa1' failed
make[1]: *** [cmTC_66fa1] Error 1
make[1]: Leaving directory '/home/ros/ROS-project-MI/robot_ws/build/CMakeFiles/CMakeTmp'
Makefile:126: recipe for target 'cmTC_66fa1/fast' failed
make: *** [cmTC_66fa1/fast] Error 2


